Method_type:  Email has been sent to reviewer through web on December 11, 2016, 4:04 pm

Method_type:  Unable to send email to reviewer through web on December 11, 2016, 4:12 pm

Method_type:  Email has been sent to reviewer through web on December 12, 2016, 3:01 pm

Method_type:  Saved to database on December 28, 2016, 4:07 pm
Method_type:  Saved to database on December 28, 2016, 4:09 pm
Method_type:  Saved to database on December 28, 2016, 4:12 pm
Method_type:  Saved to database on December 28, 2016, 4:29 pm
Method_type:  Saved to database on December 28, 2016, 5:20 pm
Method_type:  Saved to database on December 28, 2016, 5:22 pm
Method_type:  Saved to database on December 28, 2016, 5:26 pm
Method_type:  Saved to database on December 28, 2016, 5:28 pm
Method_type:  Email has been sent to reviewer through web on January 2, 2017, 1:35 pm

Method_type:  Email has been sent to reviewer through web on January 2, 2017, 3:05 pm

Method_type:  Email has been sent to reviewer through web on January 9, 2017, 6:02 pm

Method_type:  Email has been sent to reviewer through web on January 9, 2017, 6:04 pm

Method_type:  Email has been sent to reviewer through web on January 16, 2017, 5:43 pm

Method_type:  Email has been sent to reviewer through web on January 16, 2017, 5:45 pm

Method_type:  Email has been sent to reviewer through web on January 19, 2017, 3:52 pm

Method_type:  Email has been sent to reviewer through web on January 19, 2017, 4:41 pm

Method_type:  Email has been sent to reviewer through web on January 19, 2017, 11:37 pm

Method_type:  Email has been sent to reviewer through web on January 19, 2017, 11:38 pm

Method_type:  Email has been sent to reviewer through web on January 19, 2017, 11:39 pm

Method_type:  Email has been sent to reviewer through web on January 19, 2017, 11:42 pm

 - Full Name: dotmark , Username: dotmark  , Password: firefox  , Email: php3.dotmark@gmail.com
- The App user dotmark has been created on Business name 'Facebook User' with Business Id '' on January 25, 2017, 10:29 am
- Registration email has been successfully sent todotmark on email address 'php3.dotmark@gmail.com' on January 25, 2017, 10:29 am

 - Full Name: paris , Username: paris  , Password: hilton  , Email: php3.dotmark@gmail.com
- The App user paris has been created on Business name 'Facebook User' with Business Id '' on January 25, 2017, 10:58 am
- Registration email has been successfully sent toparis on email address 'php3.dotmark@gmail.com' on January 25, 2017, 10:58 am

 - Full Name: kancha , Username: kancha  , Password: kancha1  , Email: php3.dotmark@gmail.com
- The App user kancha has been created on Business name 'Facebook User' with Business Id '' on January 25, 2017, 11:00 am
 - Full Name: kanchi , Username: kanchi  , Password: kanchi1  , Email: php3.dotmark@gmail.com
- The App user kanchi has been created on Business name 'Facebook User' with Business Id '' on January 25, 2017, 11:00 am
- Registration email has been successfully sent tokanchi on email address 'php3.dotmark@gmail.com' on January 25, 2017, 11:00 am

 - Full Name: poker , Username: poker  , Password: joker  , Email: php3.dotmark@gmail.com
- The App user poker has been created on Business name 'Facebook User' with Business Id '' on January 25, 2017, 11:02 am
 - Full Name: noker , Username: noker  , Password: doker  , Email: php3.dotmark@gmail.com
- The App user noker has been created on Business name 'Facebook User' with Business Id '' on January 25, 2017, 11:02 am
- Registration email has been successfully sent tonoker on email address 'php3.dotmark@gmail.com' on January 25, 2017, 11:02 am

 - Full Name: sajal , Username: sajal  , Password: fajal  , Email: php3.dotmark@gmail.com
- The App user sajal has been created on Business name 'Facebook User' with Business Id '' on January 25, 2017, 11:04 am
- Registration email has been successfully sent tosajal on email address 'php3.dotmark@gmail.com' on January 25, 2017, 11:04 am

 - Full Name: sahar , Username: kathmand  , Password: sahara  , Email: php3.dotmark@gmail.com
- The App user sahar has been created on Business name 'Facebook User' with Business Id '' on January 25, 2017, 11:05 am
 - Full Name: rahar , Username: dharan  , Password: bahara  , Email: php3.dotmark@gmail.com
- The App user rahar has been created on Business name 'Facebook User' with Business Id '' on January 25, 2017, 11:05 am
- Registration email has been successfully sent torahar on email address 'php3.dotmark@gmail.com' on January 25, 2017, 11:05 am

 - Full Name: ewrewrwe , Username: rwerwer  , Password: wrwrwrwe  , Email: php3.dotmark@gmail.com
- The App user ewrewrwe has been created on Business name 'Facebook User' with Business Id '' on January 25, 2017, 11:11 am
- Registration email has been successfully sent toewrewrwe on email address 'php3.dotmark@gmail.com' on January 25, 2017, 11:11 am

 - Full Name: asdasdasdas , Username: asdasdasd  , Password: asdasdasw  , Email: php3.dotmark@gmail.com
- The App user asdasdasdas has been created on Business name 'Facebook User' with Business Id 'FAC48289' on January 25, 2017, 11:11 am
- Registration email has been successfully sent toasdasdasdas on email address 'php3.dotmark@gmail.com' on January 25, 2017, 11:11 am

 - Full Name: adele , Username: adele  , Password: someonel  , Email: php3.dotmark@gmail.com
- The App user adele has been created on Business name 'Facebook User' with Business Id '' on January 25, 2017, 11:13 am
- Registration email has been successfully sent toadele on email address 'php3.dotmark@gmail.com' on January 25, 2017, 11:13 am

 - Full Name: chester , Username: chester  , Password: intheend  , Email: php3.dotmark@gmail.com
- The App user chester has been created on Business name 'Facebook User' with Business Id 'FAC48289' on January 25, 2017, 11:13 am
- Registration email has been successfully sent tochester on email address 'php3.dotmark@gmail.com' on January 25, 2017, 11:13 am

Method_type:  Email has been sent to reviewer through web on January 30, 2017, 3:14 pm

Method_type:  Email has been sent to reviewer through web on January 30, 2017, 6:07 pm

