Cron Manager - 2014-06-18 23:05:01 - 0.12 seconds.
Daily maintenance on Domain 1 - 2014-06-19 00:05:05 - 2.56 seconds.
Email Traffic on Domain 1 - 2014-06-19 00:05:06 - 1.02 seconds.
Location update on Domain 1 - 2014-06-19 00:05:07 - 0.05 seconds.
Randomizer on Domain - 1 - 2014-06-19 00:05:08 - 1.12 seconds.
Renewal Reminder on Domain 1 - 2014-06-19 00:05:09 - 1.06 seconds.
Report Rollup on Domain 1 - 2014-06-19 00:05:11 - 1.11 seconds.
Sitemap Generator on Domain 1 - 2014-06-19 00:05:12 - 1.16 seconds.
Process Statistic on Domain 1 - 2014-06-19 00:05:13 - 1 seconds.
Count locations on Domain 1 - 2014-06-19 00:05:16 - 0.9 seconds.
Cron Manager - 2014-06-19 00:05:16 - 14.71 seconds.
Email Traffic on Domain 1 - 2014-06-19 01:05:05 - 2.43 seconds.
Location update on Domain 1 - 2014-06-19 01:05:05 - 0.04 seconds.
Randomizer on Domain - 1 - 2014-06-19 01:05:07 - 1.02 seconds.
Renewal Reminder on Domain 1 - 2014-06-19 01:05:08 - 1.1 seconds.
Count locations on Domain 1 - 2014-06-19 01:05:13 - 1.06 seconds.
Cron Manager - 2014-06-19 01:05:13 - 10.99 seconds.
Email Traffic on Domain 1 - 2014-06-19 02:05:05 - 2.33 seconds.
Location update on Domain 1 - 2014-06-19 02:05:06 - 0.02 seconds.
Randomizer on Domain - 1 - 2014-06-19 02:05:07 - 1.14 seconds.
Renewal Reminder on Domain 1 - 2014-06-19 02:05:08 - 1.09 seconds.
Count locations on Domain 1 - 2014-06-19 02:05:13 - 1.29 seconds.
Cron Manager - 2014-06-19 02:05:13 - 10.83 seconds.
Email Traffic on Domain 1 - 2014-06-19 03:05:05 - 2.32 seconds.
Location update on Domain 1 - 2014-06-19 03:05:05 - 0.02 seconds.
Randomizer on Domain - 1 - 2014-06-19 03:05:07 - 1.14 seconds.
Renewal Reminder on Domain 1 - 2014-06-19 03:05:08 - 1.11 seconds.
Count locations on Domain 1 - 2014-06-19 03:05:12 - 1.15 seconds.
Cron Manager - 2014-06-19 03:05:13 - 10.62 seconds.
Email Traffic on Domain 1 - 2014-06-19 04:05:06 - 3.86 seconds.
Location update on Domain 1 - 2014-06-19 04:05:07 - 0.05 seconds.
Randomizer on Domain - 1 - 2014-06-19 04:05:10 - 2.72 seconds.
Renewal Reminder on Domain 1 - 2014-06-19 04:05:13 - 2.41 seconds.
Count locations on Domain 1 - 2014-06-19 04:05:43 - 15.94 seconds.
Cron Manager - 2014-06-19 04:05:49 - 47.88 seconds.
Email Traffic on Domain 1 - 2014-06-19 05:05:05 - 2.32 seconds.
Location update on Domain 1 - 2014-06-19 05:05:05 - 0.03 seconds.
Randomizer on Domain - 1 - 2014-06-19 05:05:07 - 1.7 seconds.
Renewal Reminder on Domain 1 - 2014-06-19 05:05:08 - 1.11 seconds.
Count locations on Domain 1 - 2014-06-19 05:05:13 - 1.09 seconds.
Cron Manager - 2014-06-19 05:05:13 - 11.22 seconds.
Email Traffic on Domain 1 - 2014-06-19 06:05:05 - 2.34 seconds.
Location update on Domain 1 - 2014-06-19 06:05:05 - 0.03 seconds.
Randomizer on Domain - 1 - 2014-06-19 06:05:06 - 1.16 seconds.
Renewal Reminder on Domain 1 - 2014-06-19 06:05:08 - 1.08 seconds.
Count locations on Domain 1 - 2014-06-19 06:05:12 - 1.14 seconds.
Cron Manager - 2014-06-19 06:05:12 - 10.79 seconds.
Email Traffic on Domain 1 - 2014-06-19 07:05:05 - 2.43 seconds.
Location update on Domain 1 - 2014-06-19 07:05:05 - 0.03 seconds.
Randomizer on Domain - 1 - 2014-06-19 07:05:07 - 1.14 seconds.
Renewal Reminder on Domain 1 - 2014-06-19 07:05:08 - 1.09 seconds.
Count locations on Domain 1 - 2014-06-19 07:05:12 - 1.1 seconds.
Cron Manager - 2014-06-19 07:05:13 - 10.77 seconds.
Email Traffic on Domain 1 - 2014-06-19 08:05:06 - 2.56 seconds.
Location update on Domain 1 - 2014-06-19 08:05:06 - 0.04 seconds.
Randomizer on Domain - 1 - 2014-06-19 08:05:07 - 1.17 seconds.
Renewal Reminder on Domain 1 - 2014-06-19 08:05:09 - 1.11 seconds.
Count locations on Domain 1 - 2014-06-19 08:05:13 - 1.14 seconds.
Cron Manager - 2014-06-19 08:05:13 - 10.92 seconds.
Email Traffic on Domain 1 - 2014-06-19 09:05:05 - 2.49 seconds.
Location update on Domain 1 - 2014-06-19 09:05:06 - 0.05 seconds.
Randomizer on Domain - 1 - 2014-06-19 09:05:07 - 1.13 seconds.
Renewal Reminder on Domain 1 - 2014-06-19 09:05:08 - 1.29 seconds.
Count locations on Domain 1 - 2014-06-19 09:05:13 - 1.07 seconds.
Cron Manager - 2014-06-19 09:05:13 - 10.9 seconds.
Email Traffic on Domain 1 - 2014-06-19 10:05:05 - 2.56 seconds.
Location update on Domain 1 - 2014-06-19 10:05:05 - 0.03 seconds.
Randomizer on Domain - 1 - 2014-06-19 10:05:07 - 1.26 seconds.
Renewal Reminder on Domain 1 - 2014-06-19 10:05:08 - 1.1 seconds.
Count locations on Domain 1 - 2014-06-19 10:05:13 - 1.15 seconds.
Cron Manager - 2014-06-19 10:05:13 - 11.29 seconds.
Email Traffic on Domain 1 - 2014-06-19 11:05:06 - 3.18 seconds.
Location update on Domain 1 - 2014-06-19 11:05:06 - 0.01 seconds.
Randomizer on Domain - 1 - 2014-06-19 11:05:08 - 1.14 seconds.
Renewal Reminder on Domain 1 - 2014-06-19 11:05:09 - 1.1 seconds.
Count locations on Domain 1 - 2014-06-19 11:05:14 - 1.11 seconds.
Cron Manager - 2014-06-19 11:05:14 - 12.16 seconds.
Email Traffic on Domain 1 - 2014-06-19 12:05:05 - 2.59 seconds.
Location update on Domain 1 - 2014-06-19 12:05:05 - 0.05 seconds.
Randomizer on Domain - 1 - 2014-06-19 12:05:07 - 1.16 seconds.
Renewal Reminder on Domain 1 - 2014-06-19 12:05:08 - 1.07 seconds.
Count locations on Domain 1 - 2014-06-19 12:05:12 - 1.13 seconds.
Cron Manager - 2014-06-19 12:05:13 - 11.15 seconds.
Email Traffic on Domain 1 - 2014-06-19 13:05:05 - 2.77 seconds.
Location update on Domain 1 - 2014-06-19 13:05:05 - 0.05 seconds.
Randomizer on Domain - 1 - 2014-06-19 13:05:07 - 1.13 seconds.
Renewal Reminder on Domain 1 - 2014-06-19 13:05:08 - 1.31 seconds.
Count locations on Domain 1 - 2014-06-19 13:05:13 - 1.09 seconds.
Cron Manager - 2014-06-19 13:05:13 - 11.32 seconds.
Email Traffic on Domain 1 - 2014-06-19 14:05:05 - 2.4 seconds.
Location update on Domain 1 - 2014-06-19 14:05:05 - 0.03 seconds.
Randomizer on Domain - 1 - 2014-06-19 14:05:06 - 1.14 seconds.
Renewal Reminder on Domain 1 - 2014-06-19 14:05:07 - 1.06 seconds.
Count locations on Domain 1 - 2014-06-19 14:05:12 - 1.13 seconds.
Cron Manager - 2014-06-19 14:05:12 - 10.82 seconds.
Email Traffic on Domain 1 - 2014-06-19 15:05:05 - 2.19 seconds.
Location update on Domain 1 - 2014-06-19 15:05:05 - 0.04 seconds.
Randomizer on Domain - 1 - 2014-06-19 15:05:07 - 1.17 seconds.
Renewal Reminder on Domain 1 - 2014-06-19 15:05:08 - 1.04 seconds.
Count locations on Domain 1 - 2014-06-19 15:05:12 - 1.12 seconds.
Cron Manager - 2014-06-19 15:05:12 - 10.69 seconds.
Email Traffic on Domain 1 - 2014-06-19 16:05:06 - 2.53 seconds.
Location update on Domain 1 - 2014-06-19 16:05:06 - 0.05 seconds.
Randomizer on Domain - 1 - 2014-06-19 16:05:07 - 1.17 seconds.
Renewal Reminder on Domain 1 - 2014-06-19 16:05:08 - 1.08 seconds.
Count locations on Domain 1 - 2014-06-19 16:05:13 - 1.18 seconds.
Cron Manager - 2014-06-19 16:05:13 - 11.17 seconds.
Email Traffic on Domain 1 - 2014-06-19 17:05:06 - 2.38 seconds.
Location update on Domain 1 - 2014-06-19 17:05:06 - 0.03 seconds.
Randomizer on Domain - 1 - 2014-06-19 17:05:07 - 1.16 seconds.
Renewal Reminder on Domain 1 - 2014-06-19 17:05:08 - 1.09 seconds.
Count locations on Domain 1 - 2014-06-19 17:05:13 - 1.16 seconds.
Cron Manager - 2014-06-19 17:05:13 - 10.94 seconds.
Email Traffic on Domain 1 - 2014-06-19 18:05:05 - 2.39 seconds.
Location update on Domain 1 - 2014-06-19 18:05:05 - 0.04 seconds.
Randomizer on Domain - 1 - 2014-06-19 18:05:06 - 1.15 seconds.
Renewal Reminder on Domain 1 - 2014-06-19 18:05:08 - 1.26 seconds.
Count locations on Domain 1 - 2014-06-19 18:05:12 - 1.2 seconds.
Cron Manager - 2014-06-19 18:05:13 - 11.3 seconds.
Email Traffic on Domain 1 - 2014-06-19 19:05:05 - 2.35 seconds.
Location update on Domain 1 - 2014-06-19 19:05:05 - 0.04 seconds.
Randomizer on Domain - 1 - 2014-06-19 19:05:07 - 1.16 seconds.
Renewal Reminder on Domain 1 - 2014-06-19 19:05:08 - 1.11 seconds.
Count locations on Domain 1 - 2014-06-19 19:05:13 - 1.11 seconds.
Cron Manager - 2014-06-19 19:05:13 - 10.76 seconds.
Email Traffic on Domain 1 - 2014-06-19 20:05:05 - 2.46 seconds.
Location update on Domain 1 - 2014-06-19 20:05:06 - 0.04 seconds.
Randomizer on Domain - 1 - 2014-06-19 20:05:07 - 1.13 seconds.
Renewal Reminder on Domain 1 - 2014-06-19 20:05:08 - 1.08 seconds.
Count locations on Domain 1 - 2014-06-19 20:05:13 - 1.12 seconds.
Cron Manager - 2014-06-19 20:05:13 - 10.88 seconds.
Email Traffic on Domain 1 - 2014-06-19 21:05:05 - 2.43 seconds.
Location update on Domain 1 - 2014-06-19 21:05:05 - 0.03 seconds.
Randomizer on Domain - 1 - 2014-06-19 21:05:06 - 1.1 seconds.
Renewal Reminder on Domain 1 - 2014-06-19 21:05:08 - 1.05 seconds.
Count locations on Domain 1 - 2014-06-19 21:05:12 - 1.11 seconds.
Cron Manager - 2014-06-19 21:05:12 - 11.11 seconds.
Email Traffic on Domain 1 - 2014-06-19 22:05:05 - 2.47 seconds.
Location update on Domain 1 - 2014-06-19 22:05:05 - 0.11 seconds.
Randomizer on Domain - 1 - 2014-06-19 22:05:07 - 1.18 seconds.
Renewal Reminder on Domain 1 - 2014-06-19 22:05:08 - 1.06 seconds.
Count locations on Domain 1 - 2014-06-19 22:05:12 - 1.17 seconds.
Cron Manager - 2014-06-19 22:05:13 - 11.18 seconds.
